PASS exists_paper_TOP_MSR_MULTILOOP_NUMERIC_EVALUATOR_IMPLEMENTATION_v60.tex
PASS exists_scripts_top_msr_multiloop_numeric_evaluator_v60.py
PASS exists_coefficients_top_msr_coefficients_LO_only_v60.json
PASS exists_tables_top_msr_multiloop_numeric_evaluator_results_v60.csv
PASS exists_tables_top_msr_evaluator_closure_status_v60.csv
PASS exists_tables_top_msr_required_coefficients_for_v61_v60.csv
PASS exists_tables_top_msr_evaluator_fail_closed_tests_v60.csv
PASS exists_tables_top_msr_source_reference_manifest_v60.csv
PASS exists_tables_global_trace_to_scheme_closure_registry_v60.csv
PASS exists_tables_trace_to_scheme_case_table_v60.csv
PASS exists_schemas_top_msr_multiloop_numeric_evaluator_schema_v60.json
PASS exists_reports_top_msr_multiloop_numeric_evaluator_v60_LO_output.json
PASS exists_reports_top_msr_multiloop_numeric_evaluator_v60_L2_fail_closed_output.json
PASS exists_reports_top_msr_multiloop_numeric_evaluator_v60_data.json
PASS exists_reports_top_msr_multiloop_numeric_evaluator_summary_v60.md
PASS exists_README_v60.md
PASS stamp
PASS closed_status
PASS source_mt
PASS source_rstar
PASS alpha_R_range
PASS lo_pole_value
PASS lo_residual
PASS fail_closed_stamp
PASS fail_closed_c2
PASS not_claimed_P_physical_final
PASS not_claimed_exact_pole_mass
PASS not_claimed_MC_mass_equality
PASS not_claimed_full_multiloop_numeric_conversion
PASS not_claimed_zero_residual
PASS not_claimed_target_fitted_coefficients
PASS live_LO_exit0
PASS live_LO_stamp
PASS live_LO_value
PASS live_L2_exit2
PASS live_L2_fail_stamp
PASS live_L2_missing_c2
PASS coeff_schema
PASS coeff_c1_CF
PASS coeff_missing_L4
PASS coeff_forbidden
PASS results_four_rows
PASS row_LO_evaluated
PASS row_L2_fail_closed
PASS row_L3_fail_closed
PASS row_L4_fail_closed
PASS status_rows4
PASS status_full_final_not_claimed
PASS required_coeff_rows5
PASS required_family_MSR_pole_difference
PASS required_family_R_evolution
PASS required_family_QCD_beta_function
PASS required_family_OS_MSbar_relation
PASS required_family_threshold_decoupling
PASS fail_tests_4
PASS fail_tests_have_fail_closed
PASS ref_MSR2018
PASS ref_RunDec3
PASS ref_Marquard2015_2016
PASS ref_PDG2025
PASS schema_name
PASS schema_LO_only
PASS schema_fail_closed_orders
PASS schema_target_not_used
PASS registry_top_status
PASS registry_top_next_v61
PASS case_top_v60
PASS tex_Top_MSR_Multiloop_Numeric_Evaluator_Implementation
PASS tex_Fail_closed_multiloop_boundary
PASS tex_No_final_top_overclaim
PASS tex_TOP_MSR_MULTILOOP_NUMERIC_EVALUATOR_FAIL_CLOSED
PASS readme_status
PASS inherited_scripts_check_top_msr_full_qcd_conversion_ledger_v59.py
PASS inherited_tables_top_msr_full_qcd_conversion_ledger_v59.csv
PASS inherited_paper_TOP_MSR_FULL_QCD_CONVERSION_LEDGER_v59.tex
Total checks: 75/75
TOP_MSR_MULTILOOP_NUMERIC_EVALUATOR_IMPLEMENTATION_PASS
